SF:lib/features/password_generator/domain/models/preference_model.dart
DA:12,6
DA:22,4
DA:23,2
DA:24,2
DA:25,2
DA:26,2
DA:27,2
DA:28,2
DA:29,2
DA:32,1
DA:41,1
DA:42,1
DA:43,1
DA:44,1
DA:45,1
DA:46,1
DA:47,1
DA:48,1
DA:51,2
DA:52,2
DA:53,2
DA:54,2
DA:55,2
DA:56,2
DA:57,2
DA:58,2
DA:59,2
DA:62,2
DA:63,2
DA:64,2
DA:65,2
DA:66,2
DA:67,2
DA:68,2
DA:69,2
DA:70,2
DA:73,2
DA:74,1
DA:75,1
DA:76,1
DA:77,1
DA:78,1
LF:42
LH:42
end_of_record
SF:lib/features/password_generator/domain/usecases/password_generator_usecase_impl.dart
DA:8,1
DA:12,1
DA:16,2
DA:18,1
DA:19,2
DA:21,1
DA:25,2
LF:7
LH:7
end_of_record
SF:lib/features/password_generator/presentation/components/character_choice_toggle_button.dart
DA:8,1
DA:13,1
DA:15,1
DA:17,1
DA:18,1
DA:19,1
DA:20,1
DA:21,6
DA:24,1
DA:25,2
DA:26,4
DA:29,1
DA:30,3
DA:31,1
DA:37,1
DA:38,1
DA:39,1
LF:17
LH:17
end_of_record
SF:lib/features/password_generator/presentation/components/error_dialog.dart
DA:6,1
DA:9,1
DA:11,1
DA:13,1
DA:16,1
DA:18,1
DA:27,1
DA:29,1
DA:30,1
DA:42,1
DA:43,1
DA:45,3
LF:12
LH:12
end_of_record
SF:lib/features/password_generator/presentation/components/number_picker.dart
DA:10,1
DA:17,1
DA:19,1
DA:21,1
DA:22,1
DA:23,1
DA:24,1
DA:25,1
DA:26,1
DA:27,1
DA:28,3
DA:30,1
DA:33,1
DA:35,1
DA:36,1
DA:37,1
DA:38,1
DA:40,2
DA:42,1
DA:43,1
DA:45,3
DA:46,4
DA:47,5
DA:51,1
DA:53,1
DA:54,2
DA:55,1
DA:56,3
DA:60,1
DA:61,1
DA:62,1
DA:64,2
DA:66,1
DA:67,1
DA:68,3
DA:69,4
DA:70,5
LF:37
LH:37
end_of_record
SF:lib/core/util/password.dart
DA:189,4
DA:198,4
DA:199,4
DA:200,4
DA:201,4
DA:202,4
DA:203,4
DA:204,4
DA:205,4
DA:208,4
DA:209,1
DA:214,4
DA:216,8
DA:224,4
DA:228,4
DA:230,8
DA:231,8
DA:232,4
DA:235,4
LF:19
LH:19
end_of_record
SF:lib/features/password_generator/presentation/components/password_list_item.dart
DA:7,2
DA:11,2
DA:13,2
DA:15,2
DA:17,2
DA:19,8
DA:20,2
DA:21,2
DA:23,6
LF:9
LH:9
end_of_record
SF:lib/features/password_generator/presentation/components/password_list.dart
DA:8,1
DA:12,1
DA:14,1
DA:16,1
DA:17,1
DA:18,1
DA:19,1
DA:21,2
DA:23,1
DA:24,1
DA:25,1
DA:26,2
DA:27,1
DA:29,1
DA:32,2
LF:15
LH:15
end_of_record
SF:lib/features/password_generator/presentation/components/rounded_corner_button.dart
DA:8,1
DA:13,1
DA:15,1
DA:17,1
DA:18,1
DA:19,1
DA:22,1
DA:24,1
DA:25,3
DA:26,1
DA:29,3
LF:11
LH:11
end_of_record
SF:lib/features/password_generator/presentation/business_components/password_generator_state.dart
DA:4,2
DA:6,1
DA:7,1
DA:11,1
DA:15,1
DA:22,1
DA:31,1
DA:33,1
DA:34,2
LF:9
LH:9
end_of_record
SF:lib/features/password_generator/presentation/business_components/password_generator_cubit.dart
DA:13,1
DA:16,1
DA:18,1
DA:20,1
DA:21,3
DA:24,2
DA:26,2
DA:27,3
DA:31,1
DA:33,1
DA:34,3
DA:36,2
DA:38,2
DA:39,3
DA:43,1
DA:45,1
DA:46,3
DA:47,2
DA:49,2
DA:50,3
LF:20
LH:20
end_of_record
SF:lib/features/password_generator/data/repositories/password_generator_repository_impl.dart
DA:11,1
DA:13,1
DA:17,1
DA:18,1
DA:19,1
DA:20,1
DA:21,1
DA:22,1
DA:23,1
DA:24,1
DA:29,1
DA:30,2
DA:31,1
DA:33,1
DA:34,1
DA:40,1
DA:41,2
DA:42,1
DA:44,2
LF:19
LH:19
end_of_record
